nohup: ignoring input
/home/tartanauv/.local/lib/python2.7/site-packages/simple_pid/PID.py:22: UserWarning: time.monotonic() not available in python < 3.3, using time.time() as fallback
  warnings.warn('time.monotonic() not available in python < 3.3, using time.time() as fallback')
Arming
#######################################
        R U N     G A T E S
#######################################
Descending vehicle:
Approaching gate:
Fancy time!
curr depth: 3.95100610273, cal: 42.6010820797
heading: 0.272377924123 -> -0.731815977893 (-0.2); depth: 3.95100610273 -> 3.95100610273 (0.0)
heading: -0.201294227442 -> -0.731815977893 (-0.2); depth: 3.92487076751 -> 3.95100610273 (0.0)
heading: -0.514502211413 -> -0.731815977893 (-0.2); depth: 3.90636670922 -> 3.95100610273 (0.0)
heading: -0.718616886935 -> -0.731815977893 (-0.0617242969384); depth: 3.95540340489 -> 3.95100610273 (0.0)
heading: -0.894711657366 -> -0.731815977893 (0.140519794511); depth: 4.0548660124 -> 3.95100610273 (0.0)
heading: -0.95597784122 -> -0.731815977893 (0.145915364248); depth: 4.16813042615 -> 3.95100610273 (0.0)
heading: -1.00073067745 -> -0.731815977893 (0.2); depth: 4.27037146601 -> 3.95100610273 (0.0)
heading: -1.01393453678 -> -0.731815977893 (0.2); depth: 4.33968544712 -> 3.95100610273 (0.0)
heading: -1.01283161243 -> -0.731815977893 (0.2); depth: 4.36813614264 -> 3.95100610273 (0.0)
heading: -0.993965311846 -> -0.731815977893 (0.2); depth: 4.40776833422 -> 3.95100610273 (0.0)
heading: -0.958815737567 -> -0.731815977893 (0.182689974554); depth: 4.34870594024 -> 3.95100610273 (0.0)
heading: -0.930826826892 -> -0.731815977893 (0.170465948843); depth: 4.31840672129 -> 3.95100610273 (0.0)
heading: -0.878092213473 -> -0.731815977893 (0.100201347223); depth: 4.28023904216 -> 3.95100610273 (0.0)
heading: -0.85553447803 -> -0.731815977893 (0.105762200143); depth: 4.27607515845 -> 3.95100610273 (0.0)
heading: -0.82970420917 -> -0.731815977893 (0.0800861761858); depth: 4.31462684855 -> 3.95100610273 (0.0)
heading: -0.813619776568 -> -0.731815977893 (0.0746656295557); depth: 4.2506325489 -> 3.95100610273 (0.0)
heading: -0.791583224139 -> -0.731815977893 (0.0485294147537); depth: 4.26705466533 -> 3.95100610273 (0.0)
heading: -0.770558520159 -> -0.731815977893 (0.0271654586522); depth: 4.27545772904 -> 3.95100610273 (0.0)
heading: -0.749629660449 -> -0.731815977893 (0.00354468208125); depth: 4.28255063764 -> 3.95100610273 (0.0)
heading: -0.75938670238 -> -0.731815977893 (0.0404722294704); depth: 4.30360347466 -> 3.95100610273 (0.0)
heading: -0.793446465335 -> -0.731815977893 (0.104111963203); depth: 4.30876879877 -> 3.95100610273 (0.0)
heading: -0.81677071651 -> -0.731815977893 (0.131550272356); depth: 4.30067068496 -> 3.95100610273 (0.0)
heading: -0.818848296008 -> -0.731815977893 (0.124721252241); depth: 4.31277832513 -> 3.95100610273 (0.0)
heading: -0.818975134692 -> -0.731815977893 (0.13038358469); depth: 4.28201226932 -> 3.95100610273 (0.0)
heading: -0.819499655566 -> -0.731815977893 (0.138372192157); depth: 4.28101082893 -> 3.95100610273 (0.0)
heading: -0.817694826922 -> -0.731815977893 (0.141278127235); depth: 4.29704893438 -> 3.95100610273 (0.0)
heading: -0.816034956774 -> -0.731815977893 (0.146150717371); depth: 4.25780075378 -> 3.95100610273 (0.0)
heading: -0.798951311907 -> -0.731815977893 (0.11942350259); depth: 4.22179407759 -> 3.95100610273 (0.0)
heading: -0.766500874362 -> -0.731815977893 (0.0717605549159); depth: 4.2153185984 -> 3.95100610273 (0.0)
heading: -0.743874235949 -> -0.731815977893 (0.0529389011467); depth: 4.19149485865 -> 3.95100610273 (0.0)
heading: -0.719957037768 -> -0.731815977893 (0.0223631014598); depth: 4.24831718861 -> 3.95100610273 (0.0)
heading: -0.711018725238 -> -0.731815977893 (0.0211485799562); depth: 4.22912040464 -> 3.95100610273 (0.0)
heading: -0.721167012057 -> -0.731815977893 (0.0468125836802); depth: 4.22665068699 -> 3.95100610273 (0.0)
heading: -0.739704771838 -> -0.731815977893 (0.0758577457985); depth: 4.26913660719 -> 3.95100610273 (0.0)
heading: -0.751452847323 -> -0.731815977893 (0.0866176109386); depth: 4.28324712814 -> 3.95100610273 (0.0)
heading: -0.762540503344 -> -0.731815977893 (0.101809903936); depth: 4.30306134152 -> 3.95100610273 (0.0)
heading: -0.772983475527 -> -0.731815977893 (0.117119815528); depth: 4.2837102002 -> 3.95100610273 (0.0)
heading: -0.784101649127 -> -0.731815977893 (0.135231420147); depth: 4.26420093671 -> 3.95100610273 (0.0)
heading: -0.79271738132 -> -0.731815977893 (0.148508316725); depth: 4.25587316928 -> 3.95100610273 (0.0)
heading: -0.794200106463 -> -0.731815977893 (0.149958233858); depth: 4.28455728323 -> 3.95100610273 (0.0)
heading: -0.776659174761 -> -0.731815977893 (0.118118156785); depth: 4.30167589016 -> 3.95100610273 (0.0)
heading: -0.750405236087 -> -0.731815977893 (0.0816606826339); depth: 4.3096158818 -> 3.95100610273 (0.0)
heading: -0.714325114093 -> -0.731815977893 (0.0295885795971); depth: 4.32920044156 -> 3.95100610273 (0.0)
heading: -0.692380591235 -> -0.731815977893 (0.0107006340088); depth: 4.31377976552 -> 3.95100610273 (0.0)
heading: -0.681609316668 -> -0.731815977893 (0.00217563370872); depth: 4.3109260369 -> 3.95100610273 (0.0)
heading: -0.665359421572 -> -0.731815977893 (-0.0268421657168); depth: 4.31979217266 -> 3.95100610273 (0.0)
heading: -0.628948851428 -> -0.731815977893 (-0.0937171204237); depth: 4.32588364088 -> 3.95100610273 (0.0)
heading: -0.645275994143 -> -0.731815977893 (-0.0415108581407); depth: 4.31979217266 -> 3.95100610273 (0.0)
heading: -0.676162882647 -> -0.731815977893 (0.00192607550798); depth: 4.32025524472 -> 3.95100610273 (0.0)
heading: -0.69275395473 -> -0.731815977893 (0.00759676678598); depth: 4.34053253016 -> 3.95100610273 (0.0)
heading: -0.701600952944 -> -0.731815977893 (0.0105477153564); depth: 4.33274689587 -> 3.95100610273 (0.0)
Timed out waiting 10s to hit targets
leaving gate...
curr depth: 4.33058965774, cal: 42.6010820797
heading: -0.742601080737 -> -0.942601080737 (-0.2); depth: 4.33058965774 -> 4.33058965774 (-4.31086706584e-05)
heading: -0.741143151126 -> -0.942601080737 (-0.2); depth: 4.38633525104 -> 4.33058965774 (0.0500424698744)
heading: -0.75463811954 -> -0.942601080737 (-0.2); depth: 4.39959492414 -> 4.33058965774 (0.0342213127485)
heading: -0.820497437319 -> -0.942601080737 (-0.2); depth: 4.40437623727 -> 4.33058965774 (0.0319147467991)
heading: -0.872028036914 -> -0.942601080737 (-0.2); depth: 4.36744341696 -> 4.33058965774 (-0.00372655323379)
heading: -0.941793366275 -> -0.942601080737 (-0.148646333163); depth: 4.38625618996 -> 4.33058965774 (0.0316725374194)
heading: -1.05485431751 -> -0.942601080737 (0.0258104299325); depth: 4.3925773118 -> 4.33058965774 (0.0278439395013)
heading: -1.09255950054 -> -0.942601080737 (0.0301732368088); depth: 4.42341866389 -> 4.33058965774 (0.0531428618072)
heading: -1.13338081439 -> -0.942601080737 (0.0956685259534); depth: 4.44200178326 -> 4.33058965774 (0.0538484284537)
heading: -1.14937965473 -> -0.942601080737 (0.112908147421); depth: 4.44408372511 -> 4.33058965774 (0.0464184718505)
heading: -1.15441624721 -> -0.942601080737 (0.12773937722); depth: 4.44678309639 -> 4.33058965774 (0.0478446029748)
heading: -1.15197364887 -> -0.942601080737 (0.135752599131); depth: 4.41208657529 -> 4.33058965774 (0.015112641241)
heading: -1.14674822887 -> -0.942601080737 (0.143791347683); depth: 4.38016472173 -> 4.33058965774 (0.00390810735016)
heading: -1.13398520549 -> -0.942601080737 (0.138105526059); depth: 4.36088887668 -> 4.33058965774 (0.00247476528531)
heading: -1.10211913188 -> -0.942601080737 (0.0982438698464); depth: 4.33560062449 -> 4.33058965774 (-0.0106617056515)
heading: -1.07920591434 -> -0.942601080737 (0.0884328520055); depth: 4.39851442267 -> 4.33058965774 (0.0586250726788)
heading: -1.05445568164 -> -0.942601080737 (0.0663208019422); depth: 4.3251909152 -> 4.33058965774 (-0.0387978315206)
heading: -1.04539458354 -> -0.942601080737 (0.0754223781152); depth: 4.30198084005 -> 4.33058965774 (-0.0230521045373)
heading: -1.04063598712 -> -0.942601080737 (0.0807826379744); depth: 4.32257060501 -> 4.33058965774 (0.00708740620616)
heading: -1.032475396 -> -0.942601080737 (0.0756290359988); depth: 4.32210753295 -> 4.33058965774 (-0.00362437678061)
heading: -1.02821175655 -> -0.942601080737 (0.0802783958955); depth: 4.3443124029 -> 4.33058965774 (0.0165972509109)
heading: -1.0238479813 -> -0.942601080737 (0.0814685546348); depth: 4.37831619831 -> 4.33058965774 (0.0360921856037)
heading: -1.02515856822 -> -0.942601080737 (0.0939056232686); depth: 4.40622476069 -> 4.33058965774 (0.0441983453021)
heading: -1.03039877017 -> -0.942601080737 (0.110164908092); depth: 4.41316707676 -> 4.33058965774 (0.0365029236226)
heading: -1.04029647907 -> -0.942601080737 (0.133356039812); depth: 4.45403036235 -> 4.33058965774 (0.0695570735411)
heading: -1.0506810387 -> -0.942601080737 (0.154910606452); depth: 4.48001510503 -> 4.33058965774 (0.072927344839)
heading: -1.03590337833 -> -0.942601080737 (0.125685776742); depth: 4.50645915497 -> 4.33058965774 (0.0835601814702)
heading: -0.994511290393 -> -0.942601080737 (0.0601848612527); depth: 4.52365305816 -> 4.33058965774 (0.0858254058363)
heading: -0.970130129657 -> -0.942601080737 (0.045903046205); depth: 4.4849470107 -> 4.33058965774 (0.0423928054644)
heading: -0.938619776568 -> -0.942601080737 (0.00241093680687); depth: 4.48903559815 -> 4.33058965774 (0.0654236300243)
heading: -0.923103018603 -> -0.942601080737 (-0.00576272331943); depth: 4.47338150367 -> 4.33058965774 (0.0492891424577)
heading: -0.926631375155 -> -0.942601080737 (0.0114801475069); depth: 4.45372164764 -> 4.33058965774 (0.0394185912924)
heading: -0.933928652606 -> -0.942601080737 (0.0223679067997); depth: 4.46875831271 -> 4.33058965774 (0.0627850399504)
heading: -0.947132035098 -> -0.942601080737 (0.0430046656084); depth: 4.47446200514 -> 4.33058965774 (0.0604008014959)
heading: -0.955818577609 -> -0.942601080737 (0.051097095483); depth: 4.50376354851 -> 4.33058965774 (0.0839184908968)
heading: -0.964908762774 -> -0.942601080737 (0.0640930294818); depth: 4.51208755113 -> 4.33058965774 (0.0767599970091)
Timed out waiting 7s to hit targets
#######################################
        R U N     V A M P S
#######################################
Current State: VampState.NothingDetected idx 10
Image Area: 307200.0, BBox area: 6440, Ratio: 0.0209635416667
Image Area: 307200.0, BBox area: 6612, Ratio: 0.0215234375
Image Area: 307200.0, BBox area: 5832, Ratio: 0.018984375
Image Area: 307200.0, BBox area: 5832, Ratio: 0.018984375
Image Area: 307200.0, BBox area: 6077, Ratio: 0.0197819010417
Image Area: 307200.0, BBox area: 5247, Ratio: 0.017080078125
Image Area: 307200.0, BBox area: 5247, Ratio: 0.017080078125
Image Area: 307200.0, BBox area: 5000, Ratio: 0.0162760416667
Image Area: 307200.0, BBox area: 4900, Ratio: 0.0159505208333
Image Area: 307200.0, BBox area: 5335, Ratio: 0.0173665364583
Image Area: 307200.0, BBox area: 5304, Ratio: 0.017265625
Image Area: 307200.0, BBox area: 5341, Ratio: 0.0173860677083
Image Area: 307200.0, BBox area: 4845, Ratio: 0.015771484375
Image Area: 307200.0, BBox area: 5253, Ratio: 0.017099609375
Image Area: 307200.0, BBox area: 4992, Ratio: 0.01625
Image Area: 307200.0, BBox area: 4992, Ratio: 0.01625
Image Area: 307200.0, BBox area: 4488, Ratio: 0.014609375
Image Area: 307200.0, BBox area: 5250, Ratio: 0.01708984375
Image Area: 307200.0, BBox area: 5150, Ratio: 0.0167643229167
Image Area: 307200.0, BBox area: 4646, Ratio: 0.0151236979167
Image Area: 307200.0, BBox area: 5830, Ratio: 0.0189778645833
Image Area: 307200.0, BBox area: 5406, Ratio: 0.01759765625
Image Area: 307200.0, BBox area: 6254, Ratio: 0.0203580729167
Image Area: 307200.0, BBox area: 5457, Ratio: 0.017763671875
Image Area: 307200.0, BBox area: 5610, Ratio: 0.01826171875
Image Area: 307200.0, BBox area: 6327, Ratio: 0.020595703125
Image Area: 307200.0, BBox area: 5800, Ratio: 0.0188802083333
Image Area: 307200.0, BBox area: 4784, Ratio: 0.0155729166667
Image Area: 307200.0, BBox area: 4784, Ratio: 0.0155729166667
Image Area: 307200.0, BBox area: 4802, Ratio: 0.0156315104167
Image Area: 307200.0, BBox area: 3915, Ratio: 0.012744140625
Image Area: 307200.0, BBox area: 97276, Ratio: 0.316653645833
vamp collision timer triggered!
state firstfollowing -> gotosecond
curr depth: 2.98482695833, cal: 42.6010820797
heading: 1.62378905813 -> 4.76538171172 (0.2); depth: 2.98482695833 -> 2.98482695833 (-0.000449749093095)
heading: 1.62389263237 -> 4.76538171172 (0.2); depth: 3.02291557638 -> 2.98482695833 (0.0342318791021)
heading: 1.62406798924 -> 4.76538171172 (0.2); depth: 3.04280885084 -> 2.98482695833 (0.0331358122469)
heading: 1.62420463289 -> 4.76538171172 (0.2); depth: 3.05591416659 -> 2.98482695833 (0.034993739896)
heading: 1.62430161337 -> 4.76538171172 (0.2); depth: 3.06046206128 -> 2.98482695833 (0.032527966299)
heading: 1.62448497216 -> 4.76538171172 (0.2); depth: 3.02846491146 -> 2.98482695833 (0.00146171975664)
heading: 1.62458153168 -> 4.76538171172 (0.2); depth: 3.08451921946 -> 2.98482695833 (0.0678938317505)
heading: 1.62464274193 -> 4.76538171172 (0.2); depth: 3.06570644647 -> 2.98482695833 (0.022941877491)
heading: 1.62476959179 -> 4.76538171172 (0.2); depth: 3.05344821376 -> 2.98482695833 (0.0213248695279)
heading: 1.62482176075 -> 4.76538171172 (0.2); depth: 3.06069547972 -> 2.98482695833 (0.0339692488814)
heading: 1.62493476743 -> 4.76538171172 (0.2); depth: 3.03039249596 -> 2.98482695833 (0.00317563085297)
heading: 1.62508745963 -> 4.76538171172 (0.2); depth: 3.02484316088 -> 2.98482695833 (0.0132101834134)
heading: 1.62520399416 -> 4.76538171172 (0.2); depth: 3.01535959571 -> 2.98482695833 (0.00747108695078)
heading: 1.62530998985 -> 4.76538171172 (0.2); depth: 3.06269836049 -> 2.98482695833 (0.0548342860141)
heading: 1.62538754667 -> 4.76538171172 (0.2); depth: 3.01967783678 -> 2.98482695833 (-0.00757431671573)
heading: 1.62553626771 -> 4.76538171172 (0.2); depth: 2.97773028491 -> 2.98482695833 (-0.0238072160463)
heading: 1.6257671612 -> 4.76538171172 (0.2); depth: 3.01882698893 -> 2.98482695833 (0.0341458856017)
heading: 1.62588758493 -> 4.76538171172 (0.2); depth: 3.0166697508 -> 2.98482695833 (0.0116679438969)
heading: 1.62600047241 -> 4.76538171172 (0.2); depth: 3.02044585873 -> 2.98482695833 (0.0161302116555)
heading: 1.62621747802 -> 4.76538171172 (0.2); depth: 2.9907640692 -> 2.98482695833 (-0.0126278488532)
heading: 1.62635977293 -> 4.76538171172 (0.2); depth: 2.98621240969 -> 2.98482695833 (-0.00172058024511)
heading: 1.62644810701 -> 4.76538171172 (0.2); depth: 2.99793227408 -> 2.98482695833 (0.0111095412116)
heading: 1.62656201521 -> 4.76538171172 (0.2); depth: 3.05645629973 -> 2.98482695833 (0.0578888919394)
heading: 1.62672064925 -> 4.76538171172 (0.2); depth: 3.06933196186 -> 2.98482695833 (0.0401890912256)
heading: 1.6268794025 -> 4.76538171172 (0.2); depth: 3.08058875418 -> 2.98482695833 (0.0439812805823)
heading: 1.62692469458 -> 4.76538171172 (0.2); depth: 3.05645629973 -> 2.98482695833 (0.016580993927)
heading: 1.62716957281 -> 4.76538171172 (0.2); depth: 3.06578550755 -> 2.98482695833 (0.0369921210491)
heading: 1.62732847879 -> 4.76538171172 (0.2); depth: 3.06115855178 -> 2.98482695833 (0.0281903018196)
heading: 1.6274100105 -> 4.76538171172 (0.2); depth: 3.04835818592 -> 2.98482695833 (0.0190112794719)
heading: 1.62756947527 -> 4.76538171172 (0.2); depth: 3.03540346271 -> 2.98482695833 (0.0139544268055)
heading: 1.62763266737 -> 4.76538171172 (0.2); depth: 3.05930626354 -> 2.98482695833 (0.0421233768234)
heading: 1.62783508102 -> 4.76538171172 (0.2); depth: 3.05568451297 -> 2.98482695833 (0.0265304702735)
heading: 1.62799694488 -> 4.76538171172 (0.2); depth: 3.10657349687 -> 2.98482695833 (0.0741226435386)
heading: 1.62814802776 -> 4.76538171172 (0.2); depth: 3.12276219486 -> 2.98482695833 (0.0632720810689)
heading: 1.62829519535 -> 4.76538171172 (0.2); depth: 3.01427909424 -> 2.98482695833 (-0.0424883720253)
heading: 1.62837870518 -> 4.76538171172 (0.2); depth: 3.00517954004 -> 2.98482695833 (0.00363409312212)
Timed out waiting 7s to hit targets
Finding second vamp..
Image Area: 307200.0, BBox area: 161550, Ratio: 0.52587890625
Image Area: 307200.0, BBox area: 159842, Ratio: 0.520319010417
Image Area: 307200.0, BBox area: 159842, Ratio: 0.520319010417
curr depth: 3.10418284031, cal: 42.6010820797
heading: 1.6527859802 -> 4.79437863379 (0.2); depth: 3.10418284031 -> 3.10418284031 (0.000185270072817)
heading: 1.65288052807 -> 4.79437863379 (0.2); depth: 3.07634580938 -> 3.10418284031 (-0.0250225644175)
heading: 1.65291359375 -> 4.79437863379 (0.2); dep
